app/build/outputs/logs/manifest-merger-debug-report.txt
-- Merging decision tree log ---
manifest
ADDED from src\main\AndroidManifest.xml:2:1-254:12
INJECTED from src\main\AndroidManifest.xml:2:1-254:12
INJECTED from src\main\AndroidManifest.xml:2:1-254:12
INJECTED from src\main\AndroidManifest.xml:2:1-254:12
MERGED from [androidx.databinding:viewbinding:8.0.1] AndroidManifest.xml:2:1-7:12
MERGED from [androidx.navigation:navigation-ui-ktx:2.5.3] AndroidManifest.xml:17:1-24:12
MERGED from [androidx.navigation:navigation-ui:2.5.3] AndroidManifest.xml:17:1-24:12
MERGED from [com.google.android.material:material:1.9.0] AndroidManifest.xml:17:1-26:12
MERGED from [androidx.constraintlayout:constraintlayout:2.1.4] AndroidManifest.xml:2:1-11:12
MERGED from [androidx.appcompat:appcompat-resources:1.6.1] AndroidManifest.xml:17:1-22:12
MERGED from [androidx.appcompat:appcompat:1.6.1] AndroidManifest.xml:17:1-22:12
MERGED from [androidx.viewpager2:viewpager2:1.0.0] AndroidManifest.xml:17:1-24:12
MERGED from [androidx.navigation:navigation-fragment-ktx:2.5.3] AndroidManifest.xml:17:1-24:12
MERGED from [androidx.navigation:navigation-fragment:2.5.3] AndroidManifest.xml:17:1-24:12
MERGED from [androidx.fragment:fragment-ktx:1.5.4] AndroidManifest.xml:17:1-24:12
MERGED from [androidx.fragment:fragment:1.5.4] AndroidManifest.xml:17:1-24:12
MERGED from [androidx.navigation:navigation-runtime-ktx:2.5.3] AndroidManifest.xml:17:1-24:12
MERGED from [androidx.navigation:navigation-runtime:2.5.3] AndroidManifest.xml:17:1-24:12
MERGED from [androidx.activity:activity-ktx:1.6.0] AndroidManifest.xml:17:1-22:12
MERGED from [androidx.activity:activity:1.6.0] AndroidManifest.xml:17:1-22:12
MERGED from [androidx.emoji2:emoji2-views-helper:1.2.0] AndroidManifest.xml:2:1-7:12
MERGED from [androidx.emoji2:emoji2:1.2.0] AndroidManifest.xml:17:1-35:12
MERGED from [androidx.drawerlayout:drawerlayout:1.1.1] AndroidManifest.xml:17:1-24:12
MERGED from [androidx.coordinatorlayout:coordinatorlayout:1.1.0] AndroidManifest.xml:17:1-24:12
MERGED from [androidx.dynamicanimation:dynamicanimation:1.0.0] AndroidManifest.xml:17:1-22:12
MERGED from [androidx.vectordrawable:vectordrawable-animated:1.1.0] AndroidManifest.xml:17:1-24:12
MERGED from [androidx.vectordrawable:vectordrawable:1.1.0] AndroidManifest.xml:17:1-24:12
MERGED from [androidx.navigation:navigation-common-ktx:2.5.3] AndroidManifest.xml:17:1-24:12
MERGED from [androidx.navigation:navigation-common:2.5.3] AndroidManifest.xml:17:1-24:12
MERGED from [androidx.savedstate:savedstate-ktx:1.2.1] AndroidManifest.xml:17:1-22:12
MERGED from [androidx.savedstate:savedstate:1.2.1] AndroidManifest.xml:17:1-22:12
MERGED from [androidx.lifecycle:lifecycle-runtime-ktx:2.6.1] AndroidManifest.xml:17:1-22:12
MERGED from [androidx.lifecycle:lifecycle-livedata-core:2.6.1] AndroidManifest.xml:17:1-22:12
MERGED from [androidx.lifecycle:lifecycle-process:2.6.1] AndroidManifest.xml:17:1-35:12
MERGED from [androidx.lifecycle:lifecycle-livedata-core-ktx:2.6.1] AndroidManifest.xml:17:1-22:12
MERGED from [androidx.legacy:legacy-support-core-utils:1.0.0] AndroidManifest.xml:17:1-22:12
MERGED from [androidx.loader:loader:1.0.0] AndroidManifest.xml:17:1-22:12
MERGED from [androidx.lifecycle:lifecycle-livedata:2.6.1] AndroidManifest.xml:17:1-22:12
MERGED from [androidx.lifecycle:lifecycle-viewmodel:2.6.1] AndroidManifest.xml:17:1-22:12
MERGED from [androidx.lifecycle:lifecycle-viewmodel-savedstate:2.6.1] AndroidManifest.xml:17:1-22:12
MERGED from [androidx.core:core-ktx:1.9.0] AndroidManifest.xml:2:1-7:12
MERGED from [androidx.recyclerview:recyclerview:1.1.0] AndroidManifest.xml:17:1-24:12
MERGED from [androidx.slidingpanelayout:slidingpanelayout:1.2.0] AndroidManifest.xml:17:1-24:12
MERGED from [androidx.viewpager:viewpager:1.0.0] AndroidManifest.xml:17:1-22:12
MERGED from [androidx.customview:customview:1.1.0] AndroidManifest.xml:17:1-24:12
MERGED from [androidx.transition:transition:1.4.1] AndroidManifest.xml:17:1-24:12
MERGED from [androidx.window:window:1.0.0] AndroidManifest.xml:17:1-33:12
MERGED from [androidx.core:core:1.9.0] AndroidManifest.xml:17:1-30:12
MERGED from [androidx.lifecycle:lifecycle-runtime:2.6.1] AndroidManifest.xml:2:1-7:12
MERGED from [androidx.lifecycle:lifecycle-livedata-ktx:2.6.1] AndroidManifest.xml:17:1-22:12
MERGED from [androidx.lifecycle:lifecycle-viewmodel-ktx:2.6.1] AndroidManifest.xml:17:1-22:12
MERGED from [androidx.cursoradapter:cursoradapter:1.0.0] AndroidManifest.xml:17:1-22:12
MERGED from [androidx.cardview:cardview:1.0.0] AndroidManifest.xml:17:1-22:12
MERGED from [androidx.versionedparcelable:versionedparcelable:1.1.1] AndroidManifest.xml:17:1-27:12
MERGED from [androidx.profileinstaller:profileinstaller:1.3.0] AndroidManifest.xml:17:1-55:12
MERGED from [androidx.startup:startup-runtime:1.1.1] AndroidManifest.xml:17:1-33:12
MERGED from [androidx.tracing:tracing:1.0.0] AndroidManifest.xml:17:1-24:12
MERGED from [androidx.arch.core:core-runtime:2.2.0] AndroidManifest.xml:17:1-22:12
MERGED from [androidx.interpolator:interpolator:1.0.0] AndroidManifest.xml:17:1-22:12
MERGED from [androidx.documentfile:documentfile:1.0.0] AndroidManifest.xml:17:1-22:12
MERGED from [androidx.localbroadcastmanager:localbroadcastmanager:1.0.0] AndroidManifest.xml:17:1-22:12
MERGED from [androidx.print:print:1.0.0] AndroidManifest.xml:17:1-22:12
MERGED from [androidx.annotation:annotation-experimental:1.3.0] AndroidManifest.xml:17:1-22:12
INJECTED from src\main\AndroidManifest.xml:2:1-254:12
INJECTED from src\main\AndroidManifest.xml:2:1-254:12
INJECTED from src\main\AndroidManifest.xml:2:1-254:12
	package
		INJECTED from src\main\AndroidManifest.xml
		ADDED from src\main\AndroidManifest.xml:2:1-254:12
		INJECTED from src\main\AndroidManifest.xml
	android:versionName
		INJECTED from src\main\AndroidManifest.xml
		ADDED from src\main\AndroidManifest.xml:2:1-254:12
		INJECTED from src\main\AndroidManifest.xml
	xmlns:tools
		ADDED from src\main\AndroidManifest.xml:3:5-51
	android:versionCode
		INJECTED from src\main\AndroidManifest.xml
		ADDED from src\main\AndroidManifest.xml:2:1-254:12
		INJECTED from src\main\AndroidManifest.xml
	xmlns:android
		ADDED from src\main\AndroidManifest.xml:2:11-69
uses-feature#android.hardware.telephony
ADDED from src\main\AndroidManifest.xml:5:5-7:36
	android:required
		ADDED from src\main\AndroidManifest.xml:7:9-33
	android:name
		ADDED from src\main\AndroidManifest.xml:6:9-50
uses-permission#android.permission.ACCESS_COARSE_LOCATION
ADDED from src\main\AndroidManifest.xml:9:5-81
	android:name
		ADDED from src\main\AndroidManifest.xml:9:22-78
uses-permission#android.permission.ACCESS_FINE_LOCATION
ADDED from src\main\AndroidManifest.xml:10:5-79
	android:name
		ADDED from src\main\AndroidManifest.xml:10:22-76
uses-permission#android.permission.CALL_PHONE
ADDED from src\main\AndroidManifest.xml:11:5-69
	android:name
		ADDED from src\main\AndroidManifest.xml:11:22-66
uses-permission#android.permission.INTERNET
ADDED from src\main\AndroidManifest.xml:12:5-67
	android:name
		ADDED from src\main\AndroidManifest.xml:12:22-64
application
ADDED from src\main\AndroidManifest.xml:14:5-252:19
MERGED from [com.google.android.material:material:1.9.0] AndroidManifest.xml:24:5-20
MERGED from [com.google.android.material:material:1.9.0] AndroidManifest.xml:24:5-20
MERGED from [androidx.constraintlayout:constraintlayout:2.1.4] AndroidManifest.xml:9:5-20
MERGED from [androidx.constraintlayout:constraintlayout:2.1.4] AndroidManifest.xml:9:5-20
MERGED from [androidx.emoji2:emoji2:1.2.0] AndroidManifest.xml:23:5-33:19
MERGED from [androidx.emoji2:emoji2:1.2.0] AndroidManifest.xml:23:5-33:19
MERGED from [androidx.lifecycle:lifecycle-process:2.6.1] AndroidManifest.xml:23:5-33:19
MERGED from [androidx.lifecycle:lifecycle-process:2.6.1] AndroidManifest.xml:23:5-33:19
MERGED from [androidx.window:window:1.0.0] AndroidManifest.xml:24:5-31:19
MERGED from [androidx.window:window:1.0.0] AndroidManifest.xml:24:5-31:19
MERGED from [androidx.core:core:1.9.0] AndroidManifest.xml:28:5-89
MERGED from [androidx.core:core:1.9.0] AndroidManifest.xml:28:5-89
MERGED from [androidx.versionedparcelable:versionedparcelable:1.1.1] AndroidManifest.xml:24:5-25:19
MERGED from [androidx.versionedparcelable:versionedparcelable:1.1.1] AndroidManifest.xml:24:5-25:19
MERGED from [androidx.profileinstaller:profileinstaller:1.3.0] AndroidManifest.xml:23:5-53:19
MERGED from [androidx.profileinstaller:profileinstaller:1.3.0] AndroidManifest.xml:23:5-53:19
MERGED from [androidx.startup:startup-runtime:1.1.1] AndroidManifest.xml:25:5-31:19
MERGED from [androidx.startup:startup-runtime:1.1.1] AndroidManifest.xml:25:5-31:19
	android:appComponentFactory
		ADDED from [androidx.core:core:1.9.0] AndroidManifest.xml:28:18-86
	android:supportsRtl
		ADDED from src\main\AndroidManifest.xml:21:9-35
	android:label
		ADDED from src\main\AndroidManifest.xml:19:9-41
	android:fullBackupContent
		ADDED from src\main\AndroidManifest.xml:17:9-54
	android:roundIcon
		ADDED from src\main\AndroidManifest.xml:20:9-54
	tools:targetApi
		ADDED from src\main\AndroidManifest.xml:23:9-29
	android:icon
		ADDED from src\main\AndroidManifest.xml:18:9-43
	android:allowBackup
		ADDED from src\main\AndroidManifest.xml:15:9-35
	android:theme
		ADDED from src\main\AndroidManifest.xml:22:9-52
	android:dataExtractionRules
		ADDED from src\main\AndroidManifest.xml:16:9-65
activity#com.bogazliyan.myapplication2.MainActivity56
ADDED from src\main\AndroidManifest.xml:24:9-27:48
	android:label
		ADDED from src\main\AndroidManifest.xml:27:13-46
	android:exported
		ADDED from src\main\AndroidManifest.xml:26:13-37
	android:name
		ADDED from src\main\AndroidManifest.xml:25:13-43
activity#com.bogazliyan.myapplication2.MainActivity55
ADDED from src\main\AndroidManifest.xml:28:9-31:46
	android:label
		ADDED from src\main\AndroidManifest.xml:31:13-43
	android:exported
		ADDED from src\main\AndroidManifest.xml:30:13-37
	android:name
		ADDED from src\main\AndroidManifest.xml:29:13-43
activity#com.bogazliyan.myapplication2.MainActivity54
ADDED from src\main\AndroidManifest.xml:32:9-35:45
	android:label
		ADDED from src\main\AndroidManifest.xml:35:13-42
	android:exported
		ADDED from src\main\AndroidManifest.xml:34:13-37
	android:name
		ADDED from src\main\AndroidManifest.xml:33:13-43
activity#com.bogazliyan.myapplication2.MainActivity53
ADDED from src\main\AndroidManifest.xml:36:9-39:42
	android:label
		ADDED from src\main\AndroidManifest.xml:39:13-39
	android:exported
		ADDED from src\main\AndroidManifest.xml:38:13-37
	android:name
		ADDED from src\main\AndroidManifest.xml:37:13-43
activity#com.bogazliyan.myapplication2.MainActivity52
ADDED from src\main\AndroidManifest.xml:40:9-43:43
	android:label
		ADDED from src\main\AndroidManifest.xml:43:13-40
	android:exported
		ADDED from src\main\AndroidManifest.xml:42:13-37
	android:name
		ADDED from src\main\AndroidManifest.xml:41:13-43
activity#com.bogazliyan.myapplication2.MainActivity51
ADDED from src\main\AndroidManifest.xml:44:9-47:40
	android:label
		ADDED from src\main\AndroidManifest.xml:47:13-37
	android:exported
		ADDED from src\main\AndroidManifest.xml:46:13-37
	android:name
		ADDED from src\main\AndroidManifest.xml:45:13-43
activity#com.bogazliyan.myapplication2.MainActivity50
ADDED from src\main\AndroidManifest.xml:48:9-51:43
	android:label
		ADDED from src\main\AndroidManifest.xml:51:13-40
	android:exported
		ADDED from src\main\AndroidManifest.xml:50:13-37
	android:name
		ADDED from src\main\AndroidManifest.xml:49:13-43
activity#com.bogazliyan.myapplication2.MainActivity49
ADDED from src\main\AndroidManifest.xml:52:9-55:47
	android:label
		ADDED from src\main\AndroidManifest.xml:55:13-44
	android:exported
		ADDED from src\main\AndroidManifest.xml:54:13-37
	android:name
		ADDED from src\main\AndroidManifest.xml:53:13-43
activity#com.bogazliyan.myapplication2.MainActivity48
ADDED from src\main\AndroidManifest.xml:56:9-59:41
	android:label
		ADDED from src\main\AndroidManifest.xml:59:13-38
	android:exported
		ADDED from src\main\AndroidManifest.xml:58:13-37
	android:name
		ADDED from src\main\AndroidManifest.xml:57:13-43
activity#com.bogazliyan.myapplication2.MainActivity47
ADDED from src\main\AndroidManifest.xml:60:9-63:37
	android:label
		ADDED from src\main\AndroidManifest.xml:63:13-34
	android:exported
		ADDED from src\main\AndroidManifest.xml:62:13-37
	android:name
		ADDED from src\main\AndroidManifest.xml:61:13-43
activity#com.bogazliyan.myapplication2.MainActivity46
ADDED from src\main\AndroidManifest.xml:64:9-67:51
	android:label
		ADDED from src\main\AndroidManifest.xml:67:13-48
	android:exported
		ADDED from src\main\AndroidManifest.xml:66:13-37
	android:name
		ADDED from src\main\AndroidManifest.xml:65:13-43
activity#com.bogazliyan.myapplication2.MainActivity45
ADDED from src\main\AndroidManifest.xml:68:9-71:39
	android:label
		ADDED from src\main\AndroidManifest.xml:71:13-36
	android:exported
		ADDED from src\main\AndroidManifest.xml:70:13-37
	android:name
		ADDED from src\main\AndroidManifest.xml:69:13-43
activity#com.bogazliyan.myapplication2.MainActivity44
ADDED from src\main\AndroidManifest.xml:72:9-75:49
	android:label
		ADDED from src\main\AndroidManifest.xml:75:13-46
	android:exported
		ADDED from src\main\AndroidManifest.xml:74:13-37
	android:name
		ADDED from src\main\AndroidManifest.xml:73:13-43
activity#com.bogazliyan.myapplication2.MainActivity43
ADDED from src\main\AndroidManifest.xml:76:9-79:39
	android:label
		ADDED from src\main\AndroidManifest.xml:79:13-36
	android:exported
		ADDED from src\main\AndroidManifest.xml:78:13-37
	android:name
		ADDED from src\main\AndroidManifest.xml:77:13-43
activity#com.bogazliyan.myapplication2.MainActivity42
ADDED from src\main\AndroidManifest.xml:80:9-83:43
	android:label
		ADDED from src\main\AndroidManifest.xml:83:13-40
	android:exported
		ADDED from src\main\AndroidManifest.xml:82:13-37
	android:name
		ADDED from src\main\AndroidManifest.xml:81:13-43
activity#com.bogazliyan.myapplication2.MainActivity41
ADDED from src\main\AndroidManifest.xml:84:9-87:49
	android:label
		ADDED from src\main\AndroidManifest.xml:87:13-46
	android:exported
		ADDED from src\main\AndroidManifest.xml:86:13-37
	android:name
		ADDED from src\main\AndroidManifest.xml:85:13-43
activity#com.bogazliyan.myapplication2.MainActivity40
ADDED from src\main\AndroidManifest.xml:88:9-91:40
	android:label
		ADDED from src\main\AndroidManifest.xml:91:13-37
	android:exported
		ADDED from src\main\AndroidManifest.xml:90:13-37
	android:name
		ADDED from src\main\AndroidManifest.xml:89:13-43
activity#com.bogazliyan.myapplication2.MainActivity39
ADDED from src\main\AndroidManifest.xml:92:9-95:39
	android:label
		ADDED from src\main\AndroidManifest.xml:95:13-36
	android:exported
		ADDED from src\main\AndroidManifest.xml:94:13-37
	android:name
		ADDED from src\main\AndroidManifest.xml:93:13-43
activity#com.bogazliyan.myapplication2.MainActivity38
ADDED from src\main\AndroidManifest.xml:96:9-99:50
	android:label
		ADDED from src\main\AndroidManifest.xml:99:13-47
	android:exported
		ADDED from src\main\AndroidManifest.xml:98:13-37
	android:name
		ADDED from src\main\AndroidManifest.xml:97:13-43
activity#com.bogazliyan.myapplication2.MainActivity37
ADDED from src\main\AndroidManifest.xml:100:9-103:40
	android:label
		ADDED from src\main\AndroidManifest.xml:103:13-37
	android:exported
		ADDED from src\main\AndroidManifest.xml:102:13-37
	android:name
		ADDED from src\main\AndroidManifest.xml:101:13-43
activity#com.bogazliyan.myapplication2.MainActivity36
ADDED from src\main\AndroidManifest.xml:104:9-107:52
	android:label
		ADDED from src\main\AndroidManifest.xml:107:13-49
	android:exported
		ADDED from src\main\AndroidManifest.xml:106:13-37
	android:name
		ADDED from src\main\AndroidManifest.xml:105:13-43
activity#com.bogazliyan.myapplication2.MainActivity35
ADDED from src\main\AndroidManifest.xml:108:9-111:39
	android:label
		ADDED from src\main\AndroidManifest.xml:111:13-36
	android:exported
		ADDED from src\main\AndroidManifest.xml:110:13-37
	android:name
		ADDED from src\main\AndroidManifest.xml:109:13-43
activity#com.bogazliyan.myapplication2.MainActivity34
ADDED from src\main\AndroidManifest.xml:112:9-115:46
	android:label
		ADDED from src\main\AndroidManifest.xml:115:13-43
	android:exported
		ADDED from src\main\AndroidManifest.xml:114:13-37
	android:name
		ADDED from src\main\AndroidManifest.xml:113:13-43
activity#com.bogazliyan.myapplication2.MainActivity33
ADDED from src\main\AndroidManifest.xml:116:9-119:44
	android:label
		ADDED from src\main\AndroidManifest.xml:119:13-41
	android:exported
		ADDED from src\main\AndroidManifest.xml:118:13-37
	android:name
		ADDED from src\main\AndroidManifest.xml:117:13-43
activity#com.bogazliyan.myapplication2.MainActivity32
ADDED from src\main\AndroidManifest.xml:120:9-123:54
	android:label
		ADDED from src\main\AndroidManifest.xml:123:13-51
	android:exported
		ADDED from src\main\AndroidManifest.xml:122:13-37
	android:name
		ADDED from src\main\AndroidManifest.xml:121:13-43
activity#com.bogazliyan.myapplication2.MainActivity31
ADDED from src\main\AndroidManifest.xml:124:9-127:44
	android:label
		ADDED from src\main\AndroidManifest.xml:127:13-41
	android:exported
		ADDED from src\main\AndroidManifest.xml:126:13-37
	android:name
		ADDED from src\main\AndroidManifest.xml:125:13-43
activity#com.bogazliyan.myapplication2.MainActivity30
ADDED from src\main\AndroidManifest.xml:128:9-131:56
	android:label
		ADDED from src\main\AndroidManifest.xml:131:13-53
	android:exported
		ADDED from src\main\AndroidManifest.xml:130:13-37
	android:name
		ADDED from src\main\AndroidManifest.xml:129:13-43
activity#com.bogazliyan.myapplication2.MainActivity29
ADDED from src\main\AndroidManifest.xml:132:9-135:52
	android:label
		ADDED from src\main\AndroidManifest.xml:135:13-49
	android:exported
		ADDED from src\main\AndroidManifest.xml:134:13-37
	android:name
		ADDED from src\main\AndroidManifest.xml:133:13-43
activity#com.bogazliyan.myapplication2.MainActivity28
ADDED from src\main\AndroidManifest.xml:136:9-139:50
	android:label
		ADDED from src\main\AndroidManifest.xml:139:13-47
	android:exported
		ADDED from src\main\AndroidManifest.xml:138:13-37
	android:name
		ADDED from src\main\AndroidManifest.xml:137:13-43
activity#com.bogazliyan.myapplication2.MainActivity27
ADDED from src\main\AndroidManifest.xml:140:9-143:60
	android:label
		ADDED from src\main\AndroidManifest.xml:143:13-57
	android:exported
		ADDED from src\main\AndroidManifest.xml:142:13-37
	android:name
		ADDED from src\main\AndroidManifest.xml:141:13-43
activity#com.bogazliyan.myapplication2.MainActivity26
ADDED from src\main\AndroidManifest.xml:144:9-147:58
	android:label
		ADDED from src\main\AndroidManifest.xml:147:13-55
	android:exported
		ADDED from src\main\AndroidManifest.xml:146:13-37
	android:name
		ADDED from src\main\AndroidManifest.xml:145:13-43
activity#com.bogazliyan.myapplication2.MainActivity25
ADDED from src\main\AndroidManifest.xml:148:9-151:52
	android:label
		ADDED from src\main\AndroidManifest.xml:151:13-49
	android:exported
		ADDED from src\main\AndroidManifest.xml:150:13-37
	android:name
		ADDED from src\main\AndroidManifest.xml:149:13-43
activity#com.bogazliyan.myapplication2.MainActivity24
ADDED from src\main\AndroidManifest.xml:152:9-155:52
	android:label
		ADDED from src\main\AndroidManifest.xml:155:13-49
	android:exported
		ADDED from src\main\AndroidManifest.xml:154:13-37
	android:name
		ADDED from src\main\AndroidManifest.xml:153:13-43
activity#com.bogazliyan.myapplication2.MainActivity23
ADDED from src\main\AndroidManifest.xml:156:9-159:48
	android:label
		ADDED from src\main\AndroidManifest.xml:159:13-45
	android:exported
		ADDED from src\main\AndroidManifest.xml:158:13-37
	android:name
		ADDED from src\main\AndroidManifest.xml:157:13-43
activity#com.bogazliyan.myapplication2.MainActivity22
ADDED from src\main\AndroidManifest.xml:160:9-163:46
	android:label
		ADDED from src\main\AndroidManifest.xml:163:13-43
	android:exported
		ADDED from src\main\AndroidManifest.xml:162:13-37
	android:name
		ADDED from src\main\AndroidManifest.xml:161:13-43
activity#com.bogazliyan.myapplication2.MainActivity21
ADDED from src\main\AndroidManifest.xml:164:9-167:40
	android:label
		ADDED from src\main\AndroidManifest.xml:167:13-37
	android:exported
		ADDED from src\main\AndroidManifest.xml:166:13-37
	android:name
		ADDED from src\main\AndroidManifest.xml:165:13-43
activity#com.bogazliyan.myapplication2.MainActivity20
ADDED from src\main\AndroidManifest.xml:168:9-171:41
	android:label
		ADDED from src\main\AndroidManifest.xml:171:13-38
	android:exported
		ADDED from src\main\AndroidManifest.xml:170:13-37
	android:name
		ADDED from src\main\AndroidManifest.xml:169:13-43
activity#com.bogazliyan.myapplication2.MainActivity19
ADDED from src\main\AndroidManifest.xml:172:9-175:43
	android:label
		ADDED from src\main\AndroidManifest.xml:175:13-40
	android:exported
		ADDED from src\main\AndroidManifest.xml:174:13-37
	android:name
		ADDED from src\main\AndroidManifest.xml:173:13-43
activity#com.bogazliyan.myapplication2.MainActivity18
ADDED from src\main\AndroidManifest.xml:176:9-179:40
	android:label
		ADDED from src\main\AndroidManifest.xml:179:13-37
	android:exported
		ADDED from src\main\AndroidManifest.xml:178:13-37
	android:name
		ADDED from src\main\AndroidManifest.xml:177:13-43
activity#com.bogazliyan.myapplication2.MainActivity17
ADDED from src\main\AndroidManifest.xml:180:9-183:38
	android:label
		ADDED from src\main\AndroidManifest.xml:183:13-35
	android:exported
		ADDED from src\main\AndroidManifest.xml:182:13-37
	android:name
		ADDED from src\main\AndroidManifest.xml:181:13-43
activity#com.bogazliyan.myapplication2.MainActivity16
ADDED from src\main\AndroidManifest.xml:184:9-187:50
	android:label
		ADDED from src\main\AndroidManifest.xml:187:13-47
	android:exported
		ADDED from src\main\AndroidManifest.xml:186:13-37
	android:name
		ADDED from src\main\AndroidManifest.xml:185:13-43
activity#com.bogazliyan.myapplication2.MainActivity15
ADDED from src\main\AndroidManifest.xml:188:9-190:40
	android:exported
		ADDED from src\main\AndroidManifest.xml:190:13-37
	android:name
		ADDED from src\main\AndroidManifest.xml:189:13-43
activity#com.bogazliyan.myapplication2.MainActivity14
ADDED from src\main\AndroidManifest.xml:191:9-193:40
	android:exported
		ADDED from src\main\AndroidManifest.xml:193:13-37
	android:name
		ADDED from src\main\AndroidManifest.xml:192:13-43
activity#com.bogazliyan.myapplication2.MainActivity13
ADDED from src\main\AndroidManifest.xml:194:9-196:40
	android:exported
		ADDED from src\main\AndroidManifest.xml:196:13-37
	android:name
		ADDED from src\main\AndroidManifest.xml:195:13-43
activity#com.bogazliyan.myapplication2.MainActivity12
ADDED from src\main\AndroidManifest.xml:197:9-199:40
	android:exported
		ADDED from src\main\AndroidManifest.xml:199:13-37
	android:name
		ADDED from src\main\AndroidManifest.xml:198:13-43
activity#com.bogazliyan.myapplication2.MainActivity11
ADDED from src\main\AndroidManifest.xml:200:9-202:40
	android:exported
		ADDED from src\main\AndroidManifest.xml:202:13-37
	android:name
		ADDED from src\main\AndroidManifest.xml:201:13-43
activity#com.bogazliyan.myapplication2.MainActivity10
ADDED from src\main\AndroidManifest.xml:203:9-206:40
	android:label
		ADDED from src\main\AndroidManifest.xml:206:13-37
	android:exported
		ADDED from src\main\AndroidManifest.xml:205:13-37
	android:name
		ADDED from src\main\AndroidManifest.xml:204:13-43
activity#com.bogazliyan.myapplication2.MainActivity9
ADDED from src\main\AndroidManifest.xml:207:9-210:38
	android:label
		ADDED from src\main\AndroidManifest.xml:210:13-35
	android:exported
		ADDED from src\main\AndroidManifest.xml:209:13-37
	android:name
		ADDED from src\main\AndroidManifest.xml:208:13-42
activity#com.bogazliyan.myapplication2.MainActivity8
ADDED from src\main\AndroidManifest.xml:211:9-214:42
	android:label
		ADDED from src\main\AndroidManifest.xml:214:13-39
	android:exported
		ADDED from src\main\AndroidManifest.xml:213:13-37
	android:name
		ADDED from src\main\AndroidManifest.xml:212:13-42
activity#com.bogazliyan.myapplication2.MainActivity7
ADDED from src\main\AndroidManifest.xml:215:9-218:38
	android:label
		ADDED from src\main\AndroidManifest.xml:218:13-35
	android:exported
		ADDED from src\main\AndroidManifest.xml:217:13-37
	android:name
		ADDED from src\main\AndroidManifest.xml:216:13-42
activity#com.bogazliyan.myapplication2.MainActivity6
ADDED from src\main\AndroidManifest.xml:219:9-222:43
	android:label
		ADDED from src\main\AndroidManifest.xml:222:13-40
	android:exported
		ADDED from src\main\AndroidManifest.xml:221:13-37
	android:name
		ADDED from src\main\AndroidManifest.xml:220:13-42
activity#com.bogazliyan.myapplication2.MainActivity5
ADDED from src\main\AndroidManifest.xml:223:9-226:37
	android:label
		ADDED from src\main\AndroidManifest.xml:226:13-34
	android:exported
		ADDED from src\main\AndroidManifest.xml:225:13-37
	android:name
		ADDED from src\main\AndroidManifest.xml:224:13-42
activity#com.bogazliyan.myapplication2.MainActivity4
ADDED from src\main\AndroidManifest.xml:227:9-230:40
	android:label
		ADDED from src\main\AndroidManifest.xml:230:13-37
	android:exported
		ADDED from src\main\AndroidManifest.xml:229:13-37
	android:name
		ADDED from src\main\AndroidManifest.xml:228:13-42
activity#com.bogazliyan.myapplication2.MainActivity3
ADDED from src\main\AndroidManifest.xml:231:9-234:37
	android:label
		ADDED from src\main\AndroidManifest.xml:234:13-34
	android:exported
		ADDED from src\main\AndroidManifest.xml:233:13-37
	android:name
		ADDED from src\main\AndroidManifest.xml:232:13-42
activity#com.bogazliyan.myapplication2.MainActivity2
ADDED from src\main\AndroidManifest.xml:235:9-238:51
	android:label
		ADDED from src\main\AndroidManifest.xml:238:13-48
	android:exported
		ADDED from src\main\AndroidManifest.xml:237:13-37
	android:name
		ADDED from src\main\AndroidManifest.xml:236:13-42
activity#com.bogazliyan.myapplication2.MainActivity
ADDED from src\main\AndroidManifest.xml:239:9-251:20
	android:screenOrientation
		ADDED from src\main\AndroidManifest.xml:243:13-47
	android:label
		ADDED from src\main\AndroidManifest.xml:242:13-45
	android:exported
		ADDED from src\main\AndroidManifest.xml:241:13-36
	android:theme
		ADDED from src\main\AndroidManifest.xml:244:13-68
	android:name
		ADDED from src\main\AndroidManifest.xml:240:13-41
intent-filter#action:name:android.intent.action.MAIN+category:name:android.intent.category.LAUNCHER
ADDED from src\main\AndroidManifest.xml:246:13-250:29
action#android.intent.action.MAIN
ADDED from src\main\AndroidManifest.xml:247:17-69
	android:name
		ADDED from src\main\AndroidManifest.xml:247:25-66
category#android.intent.category.LAUNCHER
ADDED from src\main\AndroidManifest.xml:249:17-77
	android:name
		ADDED from src\main\AndroidManifest.xml:249:27-74
uses-sdk
INJECTED from src\main\AndroidManifest.xml reason: use-sdk injection requested
INJECTED from src\main\AndroidManifest.xml
INJECTED from src\main\AndroidManifest.xml
MERGED from [androidx.databinding:viewbinding:8.0.1] AndroidManifest.xml:5:5-44
MERGED from [androidx.databinding:viewbinding:8.0.1] AndroidManifest.xml:5:5-44
MERGED from [androidx.navigation:navigation-ui-ktx:2.5.3] AndroidManifest.xml:20:5-22:41
MERGED from [androidx.navigation:navigation-ui-ktx:2.5.3] AndroidManifest.xml:20:5-22:41
MERGED from [androidx.navigation:navigation-ui:2.5.3] AndroidManifest.xml:20:5-22:41
MERGED from [androidx.navigation:navigation-ui:2.5.3] AndroidManifest.xml:20:5-22:41
MERGED from [com.google.android.material:material:1.9.0] AndroidManifest.xml:20:5-22:41
MERGED from [com.google.android.material:material:1.9.0] AndroidManifest.xml:20:5-22:41
MERGED from [androidx.constraintlayout:constraintlayout:2.1.4] AndroidManifest.xml:5:5-7:41
MERGED from [androidx.constraintlayout:constraintlayout:2.1.4] AndroidManifest.xml:5:5-7:41
MERGED from [androidx.appcompat:appcompat-resources:1.6.1] AndroidManifest.xml:20:5-44
MERGED from [androidx.appcompat:appcompat-resources:1.6.1] AndroidManifest.xml:20:5-44
MERGED from [androidx.appcompat:appcompat:1.6.1] AndroidManifest.xml:20:5-44
MERGED from [androidx.appcompat:appcompat:1.6.1] AndroidManifest.xml:20:5-44
MERGED from [androidx.viewpager2:viewpager2:1.0.0] AndroidManifest.xml:20:5-22:41
MERGED from [androidx.viewpager2:viewpager2:1.0.0] AndroidManifest.xml:20:5-22:41
MERGED from [androidx.navigation:navigation-fragment-ktx:2.5.3] AndroidManifest.xml:20:5-22:41
MERGED from [androidx.navigation:navigation-fragment-ktx:2.5.3] AndroidManifest.xml:20:5-22:41
MERGED from [androidx.navigation:navigation-fragment:2.5.3] AndroidManifest.xml:20:5-22:41
MERGED from [androidx.navigation:navigation-fragment:2.5.3] AndroidManifest.xml:20:5-22:41
MERGED from [androidx.fragment:fragment-ktx:1.5.4] AndroidManifest.xml:20:5-22:41
MERGED from [androidx.fragment:fragment-ktx:1.5.4] AndroidManifest.xml:20:5-22:41
MERGED from [androidx.fragment:fragment:1.5.4] AndroidManifest.xml:20:5-22:41
MERGED from [androidx.fragment:fragment:1.5.4] AndroidManifest.xml:20:5-22:41
MERGED from [androidx.navigation:navigation-runtime-ktx:2.5.3] AndroidManifest.xml:20:5-22:41
MERGED from [androidx.navigation:navigation-runtime-ktx:2.5.3] AndroidManifest.xml:20:5-22:41
MERGED from [androidx.navigation:navigation-runtime:2.5.3] AndroidManifest.xml:20:5-22:41
MERGED from [androidx.navigation:navigation-runtime:2.5.3] AndroidManifest.xml:20:5-22:41
MERGED from [androidx.activity:activity-ktx:1.6.0] AndroidManifest.xml:20:5-44
MERGED from [androidx.activity:activity-ktx:1.6.0] AndroidManifest.xml:20:5-44
MERGED from [androidx.activity:activity:1.6.0] AndroidManifest.xml:20:5-44
MERGED from [androidx.activity:activity:1.6.0] AndroidManifest.xml:20:5-44
MERGED from [androidx.emoji2:emoji2-views-helper:1.2.0] AndroidManifest.xml:5:5-44
MERGED from [androidx.emoji2:emoji2-views-helper:1.2.0] AndroidManifest.xml:5:5-44
MERGED from [androidx.emoji2:emoji2:1.2.0] AndroidManifest.xml:21:5-44